<?xml version="1.0" encoding="UTF-8"?>
<!-- Generated by org.testng.reporters.JUnitReportReporter -->
<testsuite skipped="0" hostname="U0154729-TPL-A" name="com.SampleDocker.TestMvnDocker.TestDocker2" tests="1" failures="0" timestamp="01 Oct 2019 04:44:49 GMT" time="12.252" errors="0">
  <testcase name="gotoImages" time="12.252" classname="com.SampleDocker.TestMvnDocker.TestDocker2"/>
</testsuite> <!-- com.SampleDocker.TestMvnDocker.TestDocker2 -->
