<?xml version="1.0" encoding="UTF-8"?>
<!-- Generated by org.testng.reporters.JUnitReportReporter -->
<testsuite skipped="0" hostname="U0154729-TPL-A" name="com.SampleDocker.TestMvnDocker.TestDocker1" tests="1" failures="0" timestamp="10 Sep 2019 14:01:10 GMT" time="12.327" errors="0">
  <testcase name="gotoGmail" time="12.327" classname="com.SampleDocker.TestMvnDocker.TestDocker1"/>
</testsuite> <!-- com.SampleDocker.TestMvnDocker.TestDocker1 -->
